<?xml version="1.0" encoding="UTF-8"?>
<testsuite name="com.santander.movie.service.MovieServiceTest" tests="3" skipped="0" failures="0" errors="0" timestamp="2020-04-16T08:26:05" hostname="Merals-MacBook-Pro.local" time="0.396">
  <properties/>
  <testcase name="findAllTest_Success()" classname="com.santander.movie.service.MovieServiceTest" time="0.385"/>
  <testcase name="createmovieTest_Success()" classname="com.santander.movie.service.MovieServiceTest" time="0.007"/>
  <testcase name="deleteMovieTest_Success()" classname="com.santander.movie.service.MovieServiceTest" time="0.003"/>
  <system-out><![CDATA[]]></system-out>
  <system-err><![CDATA[]]></system-err>
</testsuite>
